<?xml version="1.0" encoding="UTF-8"?>
<testsuite name="com.example.project.TestSpellChecker" tests="5" skipped="0" failures="0" errors="0" timestamp="2025-02-13T14:26:49" hostname="codespaces-917608" time="0.881">
  <properties/>
  <testcase name="testLinearSearchInList()" classname="com.example.project.TestSpellChecker" time="0.021"/>
  <testcase name="testBinarySearchInList2()" classname="com.example.project.TestSpellChecker" time="0.001"/>
  <testcase name="testBinarySearchNotInList()" classname="com.example.project.TestSpellChecker" time="0.003"/>
  <testcase name="testLinearSearchNotInList()" classname="com.example.project.TestSpellChecker" time="0.012"/>
  <testcase name="testBinarySearchInList()" classname="com.example.project.TestSpellChecker" time="0.002"/>
  <system-out><![CDATA[
dictionary.txt file imported successfully!
-- LINEAR SEARCH: Number of words checked (loop iterations): 44357

dictionary.txt file imported successfully!
-- BINARY SEARCH: Number of words checked (loops/runtime): 1

dictionary.txt file imported successfully!
-- BINARY SEARCH: Number of words checked (loops/runtime): 17

dictionary.txt file imported successfully!
-- LINEAR SEARCH: Number of words checked (loop iterations): 127143

dictionary.txt file imported successfully!
-- BINARY SEARCH: Number of words checked (loops/runtime): 16
]]></system-out>
  <system-err><![CDATA[]]></system-err>
</testsuite>
