<?xml version="1.0" encoding="UTF-8"?>
<testsuite name="TestBinary" tests="7" skipped="0" failures="0" errors="0" timestamp="2025-02-14T16:48:47" hostname="codespaces-917608" time="0.032">
  <properties/>
  <testcase name="testBinarySearch_SingleElementArray_TargetFound()" classname="TestBinary" time="0.008"/>
  <testcase name="testBinarySearch_TargetNotFound()" classname="TestBinary" time="0.001"/>
  <testcase name="testBinarySearch_SingleElementArray_TargetNotFound()" classname="TestBinary" time="0.001"/>
  <testcase name="testBinarySearch_TargetAtEnd()" classname="TestBinary" time="0.001"/>
  <testcase name="testBinarySearch_TargetFound()" classname="TestBinary" time="0.0"/>
  <testcase name="testBinarySearch_EmptyArray()" classname="TestBinary" time="0.0"/>
  <testcase name="testBinarySearch_TargetAtStart()" classname="TestBinary" time="0.001"/>
  <system-out><![CDATA[1 1 2 3 1 1 2 3 1 1 2 3 ]]></system-out>
  <system-err><![CDATA[]]></system-err>
</testsuite>
